Analysis & Synthesis report for ComputadorIAS
Tue Jun 13 15:32:26 2017
Quartus II 32-bit Version 13.0.1 Build 232 06/12/2013 Service Pack 1 SJ Web Edition


---------------------
; Table of Contents ;
---------------------
  1. Legal Notice
  2. Analysis & Synthesis Summary
  3. Analysis & Synthesis Settings
  4. Parallel Compilation
  5. Analysis & Synthesis Source Files Read
  6. Analysis & Synthesis Resource Usage Summary
  7. Analysis & Synthesis Resource Utilization by Entity
  8. State Machine - |demo_setup|IAS:ias0|ControlUnit:control_unit|next_cycle
  9. Registers Removed During Synthesis
 10. General Register Statistics
 11. Parameter Settings for User Entity Instance: ClockDivisor:clock_d|CounterMod:convert
 12. Parameter Settings for User Entity Instance: IAS:ias0|single_port_ram:memory
 13. Port Connectivity Checks: "display7seg:leds0"
 14. Port Connectivity Checks: "IAS:ias0|ALU:logic_arit_unit"
 15. Port Connectivity Checks: "ClockDivisor:clock_d|CounterMod:convert"
 16. Elapsed Time Per Partition
 17. Analysis & Synthesis Messages



----------------
; Legal Notice ;
----------------
Copyright (C) 1991-2013 Altera Corporation
Your use of Altera Corporation's design tools, logic functions 
and other software and tools, and its AMPP partner logic 
functions, and any output files from any of the foregoing 
(including device programming or simulation files), and any 
associated documentation or information are expressly subject 
to the terms and conditions of the Altera Program License 
Subscription Agreement, Altera MegaCore Function License 
Agreement, or other applicable license agreement, including, 
without limitation, that your use is for the sole purpose of 
programming logic devices manufactured by Altera and sold by 
Altera or its authorized distributors.  Please refer to the 
applicable agreement for further details.



+--------------------------------------------------------------------------------------+
; Analysis & Synthesis Summary                                                         ;
+------------------------------------+-------------------------------------------------+
; Analysis & Synthesis Status        ; Successful - Tue Jun 13 15:32:17 2017           ;
; Quartus II 32-bit Version          ; 13.0.1 Build 232 06/12/2013 SP 1 SJ Web Edition ;
; Revision Name                      ; ComputadorIAS                                   ;
; Top-level Entity Name              ; demo_setup                                      ;
; Family                             ; Cyclone II                                      ;
; Total logic elements               ; 96                                              ;
;     Total combinational functions  ; 82                                              ;
;     Dedicated logic registers      ; 79                                              ;
; Total registers                    ; 79                                              ;
; Total pins                         ; 63                                              ;
; Total virtual pins                 ; 0                                               ;
; Total memory bits                  ; 0                                               ;
; Embedded Multiplier 9-bit elements ; 0                                               ;
; Total PLLs                         ; 0                                               ;
+------------------------------------+-------------------------------------------------+


+----------------------------------------------------------------------------------------------------------------------+
; Analysis & Synthesis Settings                                                                                        ;
+----------------------------------------------------------------------------+--------------------+--------------------+
; Option                                                                     ; Setting            ; Default Value      ;
+----------------------------------------------------------------------------+--------------------+--------------------+
; Device                                                                     ; EP2C20F484C7       ;                    ;
; Top-level entity name                                                      ; demo_setup         ; ComputadorIAS      ;
; Family name                                                                ; Cyclone II         ; Cyclone IV GX      ;
; Use smart compilation                                                      ; Off                ; Off                ;
; Enable parallel Assembler and TimeQuest Timing Analyzer during compilation ; On                 ; On                 ;
; Enable compact report table                                                ; Off                ; Off                ;
; Restructure Multiplexers                                                   ; Auto               ; Auto               ;
; Create Debugging Nodes for IP Cores                                        ; Off                ; Off                ;
; Preserve fewer node names                                                  ; On                 ; On                 ;
; Disable OpenCore Plus hardware evaluation                                  ; Off                ; Off                ;
; Verilog Version                                                            ; Verilog_2001       ; Verilog_2001       ;
; VHDL Version                                                               ; VHDL_1993          ; VHDL_1993          ;
; State Machine Processing                                                   ; Auto               ; Auto               ;
; Safe State Machine                                                         ; Off                ; Off                ;
; Extract Verilog State Machines                                             ; On                 ; On                 ;
; Extract VHDL State Machines                                                ; On                 ; On                 ;
; Ignore Verilog initial constructs                                          ; Off                ; Off                ;
; Iteration limit for constant Verilog loops                                 ; 5000               ; 5000               ;
; Iteration limit for non-constant Verilog loops                             ; 250                ; 250                ;
; Add Pass-Through Logic to Inferred RAMs                                    ; On                 ; On                 ;
; Infer RAMs from Raw Logic                                                  ; On                 ; On                 ;
; Parallel Synthesis                                                         ; On                 ; On                 ;
; DSP Block Balancing                                                        ; Auto               ; Auto               ;
; NOT Gate Push-Back                                                         ; On                 ; On                 ;
; Power-Up Don't Care                                                        ; On                 ; On                 ;
; Remove Redundant Logic Cells                                               ; Off                ; Off                ;
; Remove Duplicate Registers                                                 ; On                 ; On                 ;
; Ignore CARRY Buffers                                                       ; Off                ; Off                ;
; Ignore CASCADE Buffers                                                     ; Off                ; Off                ;
; Ignore GLOBAL Buffers                                                      ; Off                ; Off                ;
; Ignore ROW GLOBAL Buffers                                                  ; Off                ; Off                ;
; Ignore LCELL Buffers                                                       ; Off                ; Off                ;
; Ignore SOFT Buffers                                                        ; On                 ; On                 ;
; Limit AHDL Integers to 32 Bits                                             ; Off                ; Off                ;
; Optimization Technique                                                     ; Balanced           ; Balanced           ;
; Carry Chain Length                                                         ; 70                 ; 70                 ;
; Auto Carry Chains                                                          ; On                 ; On                 ;
; Auto Open-Drain Pins                                                       ; On                 ; On                 ;
; Perform WYSIWYG Primitive Resynthesis                                      ; Off                ; Off                ;
; Auto ROM Replacement                                                       ; On                 ; On                 ;
; Auto RAM Replacement                                                       ; On                 ; On                 ;
; Auto Shift Register Replacement                                            ; Auto               ; Auto               ;
; Allow Shift Register Merging across Hierarchies                            ; Auto               ; Auto               ;
; Auto Clock Enable Replacement                                              ; On                 ; On                 ;
; Strict RAM Replacement                                                     ; Off                ; Off                ;
; Allow Synchronous Control Signals                                          ; On                 ; On                 ;
; Force Use of Synchronous Clear Signals                                     ; Off                ; Off                ;
; Auto RAM to Logic Cell Conversion                                          ; Off                ; Off                ;
; Auto Resource Sharing                                                      ; Off                ; Off                ;
; Allow Any RAM Size For Recognition                                         ; Off                ; Off                ;
; Allow Any ROM Size For Recognition                                         ; Off                ; Off                ;
; Allow Any Shift Register Size For Recognition                              ; Off                ; Off                ;
; Use LogicLock Constraints during Resource Balancing                        ; On                 ; On                 ;
; Ignore translate_off and synthesis_off directives                          ; Off                ; Off                ;
; Timing-Driven Synthesis                                                    ; Off                ; Off                ;
; Report Parameter Settings                                                  ; On                 ; On                 ;
; Report Source Assignments                                                  ; On                 ; On                 ;
; Report Connectivity Checks                                                 ; On                 ; On                 ;
; Ignore Maximum Fan-Out Assignments                                         ; Off                ; Off                ;
; Synchronization Register Chain Length                                      ; 2                  ; 2                  ;
; PowerPlay Power Optimization                                               ; Normal compilation ; Normal compilation ;
; HDL message level                                                          ; Level2             ; Level2             ;
; Suppress Register Optimization Related Messages                            ; Off                ; Off                ;
; Number of Removed Registers Reported in Synthesis Report                   ; 5000               ; 5000               ;
; Number of Swept Nodes Reported in Synthesis Report                         ; 5000               ; 5000               ;
; Number of Inverted Registers Reported in Synthesis Report                  ; 100                ; 100                ;
; Clock MUX Protection                                                       ; On                 ; On                 ;
; Auto Gated Clock Conversion                                                ; Off                ; Off                ;
; Block Design Naming                                                        ; Auto               ; Auto               ;
; SDC constraint protection                                                  ; Off                ; Off                ;
; Synthesis Effort                                                           ; Auto               ; Auto               ;
; Shift Register Replacement - Allow Asynchronous Clear Signal               ; On                 ; On                 ;
; Pre-Mapping Resynthesis Optimization                                       ; Off                ; Off                ;
; Analysis & Synthesis Message Level                                         ; Medium             ; Medium             ;
; Disable Register Merging Across Hierarchies                                ; Auto               ; Auto               ;
; Resource Aware Inference For Block RAM                                     ; On                 ; On                 ;
; Synthesis Seed                                                             ; 1                  ; 1                  ;
+----------------------------------------------------------------------------+--------------------+--------------------+


Parallel compilation was disabled, but you have multiple processors available. Enable parallel compilation to reduce compilation time.
+-------------------------------------+
; Parallel Compilation                ;
+----------------------------+--------+
; Processors                 ; Number ;
+----------------------------+--------+
; Number detected on machine ; 4      ;
; Maximum allowed            ; 1      ;
+----------------------------+--------+


+-------------------------------------------------------------------------------------------------------------------------------------------------------------------------+
; Analysis & Synthesis Source Files Read                                                                                                                                  ;
+-------------------------------------+-----------------+-----------------+-------------------------------------------------------------------------------------+---------+
; File Name with User-Entered Path    ; Used in Netlist ; File Type       ; File Name with Absolute Path                                                        ; Library ;
+-------------------------------------+-----------------+-----------------+-------------------------------------------------------------------------------------+---------+
; IAS/CounterMod_package.vhd          ; yes             ; User VHDL File  ; /home/ec2015/ra163755/Downloads/Projeto/Projeto/IAS/CounterMod_package.vhd          ;         ;
; IAS/CounterMod.vhd                  ; yes             ; User VHDL File  ; /home/ec2015/ra163755/Downloads/Projeto/Projeto/IAS/CounterMod.vhd                  ;         ;
; ALU/RegN.vhd                        ; yes             ; User VHDL File  ; /home/ec2015/ra163755/Downloads/Projeto/Projeto/ALU/RegN.vhd                        ;         ;
; IAS/ClockDivisor_package.vhd        ; yes             ; User VHDL File  ; /home/ec2015/ra163755/Downloads/Projeto/Projeto/IAS/ClockDivisor_package.vhd        ;         ;
; IAS/ClockDivisor.vhd                ; yes             ; User VHDL File  ; /home/ec2015/ra163755/Downloads/Projeto/Projeto/IAS/ClockDivisor.vhd                ;         ;
; IAS/IAS_package.vhd                 ; yes             ; User VHDL File  ; /home/ec2015/ra163755/Downloads/Projeto/Projeto/IAS/IAS_package.vhd                 ;         ;
; IAS/IAS.vhd                         ; yes             ; User VHDL File  ; /home/ec2015/ra163755/Downloads/Projeto/Projeto/IAS/IAS.vhd                         ;         ;
; ALU/display7seg.vhd                 ; yes             ; User VHDL File  ; /home/ec2015/ra163755/Downloads/Projeto/Projeto/ALU/display7seg.vhd                 ;         ;
; demo_setup.vhd                      ; yes             ; User VHDL File  ; /home/ec2015/ra163755/Downloads/Projeto/Projeto/demo_setup.vhd                      ;         ;
; UART/UART_TX.vhd                    ; yes             ; User VHDL File  ; /home/ec2015/ra163755/Downloads/Projeto/Projeto/UART/UART_TX.vhd                    ;         ;
; Memory/single_port_ram.vhd          ; yes             ; User VHDL File  ; /home/ec2015/ra163755/Downloads/Projeto/Projeto/Memory/single_port_ram.vhd          ;         ;
; Memory/MainMemory_package.vhd       ; yes             ; User VHDL File  ; /home/ec2015/ra163755/Downloads/Projeto/Projeto/Memory/MainMemory_package.vhd       ;         ;
; ControlUnit/ControlUnit_package.vhd ; yes             ; User VHDL File  ; /home/ec2015/ra163755/Downloads/Projeto/Projeto/ControlUnit/ControlUnit_package.vhd ;         ;
; ControlUnit/ControlUnit.vhd         ; yes             ; User VHDL File  ; /home/ec2015/ra163755/Downloads/Projeto/Projeto/ControlUnit/ControlUnit.vhd         ;         ;
; ALU/ALU_package.vhd                 ; yes             ; User VHDL File  ; /home/ec2015/ra163755/Downloads/Projeto/Projeto/ALU/ALU_package.vhd                 ;         ;
; ALU/ALU.vhd                         ; yes             ; User VHDL File  ; /home/ec2015/ra163755/Downloads/Projeto/Projeto/ALU/ALU.vhd                         ;         ;
; UART/UART_TX_package.vhd            ; yes             ; User VHDL File  ; /home/ec2015/ra163755/Downloads/Projeto/Projeto/UART/UART_TX_package.vhd            ;         ;
; ALU/display7seg_package.vhd         ; yes             ; User VHDL File  ; /home/ec2015/ra163755/Downloads/Projeto/Projeto/ALU/display7seg_package.vhd         ;         ;
; ALU/reg_package.vhd                 ; yes             ; User VHDL File  ; /home/ec2015/ra163755/Downloads/Projeto/Projeto/ALU/reg_package.vhd                 ;         ;
; demo_uart.vhd                       ; yes             ; User VHDL File  ; /home/ec2015/ra163755/Downloads/Projeto/Projeto/demo_uart.vhd                       ;         ;
+-------------------------------------+-----------------+-----------------+-------------------------------------------------------------------------------------+---------+


+--------------------------------------------------------+
; Analysis & Synthesis Resource Usage Summary            ;
+---------------------------------------------+----------+
; Resource                                    ; Usage    ;
+---------------------------------------------+----------+
; Estimated Total logic elements              ; 96       ;
;                                             ;          ;
; Total combinational functions               ; 82       ;
; Logic element usage by number of LUT inputs ;          ;
;     -- 4 input functions                    ; 36       ;
;     -- 3 input functions                    ; 2        ;
;     -- <=2 input functions                  ; 44       ;
;                                             ;          ;
; Logic elements by mode                      ;          ;
;     -- normal mode                          ; 46       ;
;     -- arithmetic mode                      ; 36       ;
;                                             ;          ;
; Total registers                             ; 79       ;
;     -- Dedicated logic registers            ; 79       ;
;     -- I/O registers                        ; 0        ;
;                                             ;          ;
; I/O pins                                    ; 63       ;
; Embedded Multiplier 9-bit elements          ; 0        ;
; Maximum fan-out node                        ; CLOCK_50 ;
; Maximum fan-out                             ; 51       ;
; Total fan-out                               ; 465      ;
; Average fan-out                             ; 2.08     ;
+---------------------------------------------+----------+


+-------------------------------------------------------------------------------------------------------------------------------------------------------------------------------------------------------------------+
; Analysis & Synthesis Resource Utilization by Entity                                                                                                                                                               ;
+----------------------------------+-------------------+--------------+-------------+--------------+---------+-----------+------+--------------+-----------------------------------------------------+--------------+
; Compilation Hierarchy Node       ; LC Combinationals ; LC Registers ; Memory Bits ; DSP Elements ; DSP 9x9 ; DSP 18x18 ; Pins ; Virtual Pins ; Full Hierarchy Name                                 ; Library Name ;
+----------------------------------+-------------------+--------------+-------------+--------------+---------+-----------+------+--------------+-----------------------------------------------------+--------------+
; |demo_setup                      ; 82 (0)            ; 79 (0)       ; 0           ; 0            ; 0       ; 0         ; 63   ; 0            ; |demo_setup                                         ; work         ;
;    |ClockDivisor:clock_d|        ; 43 (9)            ; 26 (0)       ; 0           ; 0            ; 0       ; 0         ; 0    ; 0            ; |demo_setup|ClockDivisor:clock_d                    ; work         ;
;       |CounterMod:convert|       ; 34 (34)           ; 26 (26)      ; 0           ; 0            ; 0       ; 0         ; 0    ; 0            ; |demo_setup|ClockDivisor:clock_d|CounterMod:convert ; work         ;
;    |IAS:ias0|                    ; 14 (0)            ; 28 (0)       ; 0           ; 0            ; 0       ; 0         ; 0    ; 0            ; |demo_setup|IAS:ias0                                ; work         ;
;       |ControlUnit:control_unit| ; 14 (14)           ; 28 (28)      ; 0           ; 0            ; 0       ; 0         ; 0    ; 0            ; |demo_setup|IAS:ias0|ControlUnit:control_unit       ; work         ;
;    |display7seg:leds0|           ; 4 (4)             ; 4 (4)        ; 0           ; 0            ; 0       ; 0         ; 0    ; 0            ; |demo_setup|display7seg:leds0                       ; work         ;
;    |display7seg:leds1|           ; 7 (7)             ; 7 (7)        ; 0           ; 0            ; 0       ; 0         ; 0    ; 0            ; |demo_setup|display7seg:leds1                       ; work         ;
;    |display7seg:leds2|           ; 7 (7)             ; 7 (7)        ; 0           ; 0            ; 0       ; 0         ; 0    ; 0            ; |demo_setup|display7seg:leds2                       ; work         ;
;    |display7seg:leds|            ; 7 (7)             ; 7 (7)        ; 0           ; 0            ; 0       ; 0         ; 0    ; 0            ; |demo_setup|display7seg:leds                        ; work         ;
+----------------------------------+-------------------+--------------+-------------+--------------+---------+-----------+------+--------------+-----------------------------------------------------+--------------+
Note: For table entries with two numbers listed, the numbers in parentheses indicate the number of resources of the given type used by the specific entity alone. The numbers listed outside of parentheses indicate the total resources of the given type used by the specific entity and all of its sub-entities in the hierarchy.


Encoding Type:  One-Hot
+-------------------------------------------------------------------------------------------+
; State Machine - |demo_setup|IAS:ias0|ControlUnit:control_unit|next_cycle                  ;
+------------------------+-----------------+------------------------+-----------------------+
; Name                   ; next_cycle.exec ; next_cycle.fetch_right ; next_cycle.fetch_left ;
+------------------------+-----------------+------------------------+-----------------------+
; next_cycle.fetch_left  ; 0               ; 0                      ; 0                     ;
; next_cycle.fetch_right ; 0               ; 1                      ; 1                     ;
; next_cycle.exec        ; 1               ; 0                      ; 1                     ;
+------------------------+-----------------+------------------------+-----------------------+


+---------------------------------------------------------------------------------------------------+
; Registers Removed During Synthesis                                                                ;
+----------------------------------------------------------+----------------------------------------+
; Register name                                            ; Reason for Removal                     ;
+----------------------------------------------------------+----------------------------------------+
; display7seg:leds0|display[1,2]                           ; Stuck at VCC due to stuck port data_in ;
; display7seg:leds0|display[6]                             ; Stuck at GND due to stuck port data_in ;
; IAS:ias0|ControlUnit:control_unit|next_cycle.fetch_left  ; Lost fanout                            ;
; IAS:ias0|ControlUnit:control_unit|next_cycle.fetch_right ; Lost fanout                            ;
; Total Number of Removed Registers = 5                    ;                                        ;
+----------------------------------------------------------+----------------------------------------+


+------------------------------------------------------+
; General Register Statistics                          ;
+----------------------------------------------+-------+
; Statistic                                    ; Value ;
+----------------------------------------------+-------+
; Total registers                              ; 79    ;
; Number of registers using Synchronous Clear  ; 26    ;
; Number of registers using Synchronous Load   ; 0     ;
; Number of registers using Asynchronous Clear ; 13    ;
; Number of registers using Asynchronous Load  ; 0     ;
; Number of registers using Clock Enable       ; 13    ;
; Number of registers using Preset             ; 0     ;
+----------------------------------------------+-------+


+--------------------------------------------------------------------------------------+
; Parameter Settings for User Entity Instance: ClockDivisor:clock_d|CounterMod:convert ;
+----------------+----------+----------------------------------------------------------+
; Parameter Name ; Value    ; Type                                                     ;
+----------------+----------+----------------------------------------------------------+
; modulus        ; 49999999 ; Signed Integer                                           ;
+----------------+----------+----------------------------------------------------------+
Note: In order to hide this table in the UI and the text report file, please set the "Show Parameter Settings in Synthesis Report" option in "Analysis and Synthesis Settings -> More Settings" to "Off".


+------------------------------------------------------------------------------+
; Parameter Settings for User Entity Instance: IAS:ias0|single_port_ram:memory ;
+----------------+-------+-----------------------------------------------------+
; Parameter Name ; Value ; Type                                                ;
+----------------+-------+-----------------------------------------------------+
; data_width     ; 40    ; Signed Integer                                      ;
; addr_width     ; 10    ; Signed Integer                                      ;
+----------------+-------+-----------------------------------------------------+
Note: In order to hide this table in the UI and the text report file, please set the "Show Parameter Settings in Synthesis Report" option in "Analysis and Synthesis Settings -> More Settings" to "Off".


+------------------------------------------------+
; Port Connectivity Checks: "display7seg:leds0"  ;
+--------------+-------+----------+--------------+
; Port         ; Type  ; Severity ; Details      ;
+--------------+-------+----------+--------------+
; number[3..1] ; Input ; Info     ; Stuck at GND ;
+--------------+-------+----------+--------------+


+----------------------------------------------------------------------------------------------------------------+
; Port Connectivity Checks: "IAS:ias0|ALU:logic_arit_unit"                                                       ;
+------+--------+----------+-------------------------------------------------------------------------------------+
; Port ; Type   ; Severity ; Details                                                                             ;
+------+--------+----------+-------------------------------------------------------------------------------------+
; mq   ; Output ; Info     ; Connected to dangling logic. Logic that only feeds a dangling port will be removed. ;
+------+--------+----------+-------------------------------------------------------------------------------------+


+---------------------------------------------------------------------+
; Port Connectivity Checks: "ClockDivisor:clock_d|CounterMod:convert" ;
+------+-------+----------+-------------------------------------------+
; Port ; Type  ; Severity ; Details                                   ;
+------+-------+----------+-------------------------------------------+
; e    ; Input ; Info     ; Stuck at VCC                              ;
; p    ; Input ; Info     ; Stuck at GND                              ;
; w    ; Input ; Info     ; Stuck at GND                              ;
+------+-------+----------+-------------------------------------------+


+-------------------------------+
; Elapsed Time Per Partition    ;
+----------------+--------------+
; Partition Name ; Elapsed Time ;
+----------------+--------------+
; Top            ; 00:00:01     ;
+----------------+--------------+


+-------------------------------+
; Analysis & Synthesis Messages ;
+-------------------------------+
Info: *******************************************************************
Info: Running Quartus II 32-bit Analysis & Synthesis
    Info: Version 13.0.1 Build 232 06/12/2013 Service Pack 1 SJ Web Edition
    Info: Processing started: Tue Jun 13 15:31:28 2017
Info: Command: quartus_map --read_settings_files=on --write_settings_files=off ComputadorIAS -c ComputadorIAS
Warning (20028): Parallel compilation is not licensed and has been disabled
Info (12021): Found 1 design units, including 0 entities, in source file IAS/CounterMod_package.vhd
    Info (12022): Found design unit 1: CounterMod_package
Info (12021): Found 2 design units, including 1 entities, in source file IAS/CounterMod.vhd
    Info (12022): Found design unit 1: CounterMod-Behavior
    Info (12023): Found entity 1: CounterMod
Info (12021): Found 2 design units, including 1 entities, in source file ALU/RegN.vhd
    Info (12022): Found design unit 1: RegN-Behavior
    Info (12023): Found entity 1: RegN
Info (12021): Found 1 design units, including 0 entities, in source file IAS/ClockDivisor_package.vhd
    Info (12022): Found design unit 1: ClockDivisor_package
Info (12021): Found 2 design units, including 1 entities, in source file IAS/ClockDivisor.vhd
    Info (12022): Found design unit 1: ClockDivisor-Behavior
    Info (12023): Found entity 1: ClockDivisor
Info (12021): Found 1 design units, including 0 entities, in source file IAS/IAS_package.vhd
    Info (12022): Found design unit 1: IAS_package
Info (12021): Found 2 design units, including 1 entities, in source file IAS/IAS.vhd
    Info (12022): Found design unit 1: IAS-Behavior
    Info (12023): Found entity 1: IAS
Info (12021): Found 2 design units, including 1 entities, in source file ALU/display7seg.vhd
    Info (12022): Found design unit 1: display7seg-structure
    Info (12023): Found entity 1: display7seg
Info (12021): Found 2 design units, including 1 entities, in source file demo_setup.vhd
    Info (12022): Found design unit 1: demo_setup-Comportamento
    Info (12023): Found entity 1: demo_setup
Info (12021): Found 2 design units, including 1 entities, in source file UART/UART_TX.vhd
    Info (12022): Found design unit 1: UART_TX-Behavior
    Info (12023): Found entity 1: UART_TX
Info (12021): Found 2 design units, including 1 entities, in source file Memory/single_port_ram.vhd
    Info (12022): Found design unit 1: single_port_ram-rtl
    Info (12023): Found entity 1: single_port_ram
Info (12021): Found 1 design units, including 0 entities, in source file Memory/MainMemory_package.vhd
    Info (12022): Found design unit 1: MainMemory_package
Info (12021): Found 1 design units, including 0 entities, in source file ControlUnit/ControlUnit_package.vhd
    Info (12022): Found design unit 1: ControlUnit_package
Info (12021): Found 2 design units, including 1 entities, in source file ControlUnit/ControlUnit.vhd
    Info (12022): Found design unit 1: ControlUnit-Behavior
    Info (12023): Found entity 1: ControlUnit
Info (12021): Found 1 design units, including 0 entities, in source file ALU/ALU_package.vhd
    Info (12022): Found design unit 1: ALU_package
Info (12021): Found 2 design units, including 1 entities, in source file ALU/ALU.vhd
    Info (12022): Found design unit 1: ALU-Behavior
    Info (12023): Found entity 1: ALU
Info (12021): Found 1 design units, including 0 entities, in source file UART/UART_TX_package.vhd
    Info (12022): Found design unit 1: UART_TX_package
Info (12021): Found 1 design units, including 0 entities, in source file ALU/display7seg_package.vhd
    Info (12022): Found design unit 1: display7seg_package
Info (12021): Found 1 design units, including 0 entities, in source file ALU/reg_package.vhd
    Info (12022): Found design unit 1: reg_package
Info (12021): Found 2 design units, including 1 entities, in source file demo_uart.vhd
    Info (12022): Found design unit 1: demo_uart-Comportamento
    Info (12023): Found entity 1: demo_uart
Info (12127): Elaborating entity "demo_setup" for the top level hierarchy
Warning (10541): VHDL Signal Declaration warning at demo_setup.vhd(9): used implicit default value for signal "LEDR" because signal was never assigned a value or an explicit default value. Use of implicit default value may introduce unintended design optimizations.
Warning (10541): VHDL Signal Declaration warning at demo_setup.vhd(10): used implicit default value for signal "LEDG" because signal was never assigned a value or an explicit default value. Use of implicit default value may introduce unintended design optimizations.
Warning (10541): VHDL Signal Declaration warning at demo_setup.vhd(16): used implicit default value for signal "UART_TXD" because signal was never assigned a value or an explicit default value. Use of implicit default value may introduce unintended design optimizations.
Info (12128): Elaborating entity "ClockDivisor" for hierarchy "ClockDivisor:clock_d"
Warning (10492): VHDL Process Statement warning at ClockDivisor.vhd(25): signal "aux" is read inside the Process Statement but isn't in the Process Statement's sensitivity list
Info (12128): Elaborating entity "CounterMod" for hierarchy "ClockDivisor:clock_d|CounterMod:convert"
Info (12128): Elaborating entity "IAS" for hierarchy "IAS:ias0"
Info (12128): Elaborating entity "ControlUnit" for hierarchy "IAS:ias0|ControlUnit:control_unit"
Warning (10541): VHDL Signal Declaration warning at ControlUnit.vhd(11): used implicit default value for signal "E_ALU" because signal was never assigned a value or an explicit default value. Use of implicit default value may introduce unintended design optimizations.
Warning (10541): VHDL Signal Declaration warning at ControlUnit.vhd(12): used implicit default value for signal "S_ALU" because signal was never assigned a value or an explicit default value. Use of implicit default value may introduce unintended design optimizations.
Warning (10541): VHDL Signal Declaration warning at ControlUnit.vhd(16): used implicit default value for signal "E_Mem" because signal was never assigned a value or an explicit default value. Use of implicit default value may introduce unintended design optimizations.
Warning (10541): VHDL Signal Declaration warning at ControlUnit.vhd(17): used implicit default value for signal "S_Mem" because signal was never assigned a value or an explicit default value. Use of implicit default value may introduce unintended design optimizations.
Warning (10036): Verilog HDL or VHDL warning at ControlUnit.vhd(26): object "jump_right_flag" assigned a value but never read
Warning (10036): Verilog HDL or VHDL warning at ControlUnit.vhd(34): object "mv_PC2MAR" assigned a value but never read
Warning (10036): Verilog HDL or VHDL warning at ControlUnit.vhd(35): object "mv_IBR2IR" assigned a value but never read
Warning (10036): Verilog HDL or VHDL warning at ControlUnit.vhd(36): object "mv_IBR2MAR" assigned a value but never read
Warning (10036): Verilog HDL or VHDL warning at ControlUnit.vhd(37): object "pre_en_mem" assigned a value but never read
Warning (10492): VHDL Process Statement warning at ControlUnit.vhd(147): signal "clear" is read inside the Process Statement but isn't in the Process Statement's sensitivity list
Warning (10034): Output port "MAR" at ControlUnit.vhd(18) has no driver
Info (12128): Elaborating entity "single_port_ram" for hierarchy "IAS:ias0|single_port_ram:memory"
Info (12128): Elaborating entity "ALU" for hierarchy "IAS:ias0|ALU:logic_arit_unit"
Info (12128): Elaborating entity "display7seg" for hierarchy "display7seg:leds0"
Warning (13024): Output pins are stuck at VCC or GND
    Warning (13410): Pin "LEDR[0]" is stuck at GND
    Warning (13410): Pin "LEDR[1]" is stuck at GND
    Warning (13410): Pin "LEDR[2]" is stuck at GND
    Warning (13410): Pin "LEDR[3]" is stuck at GND
    Warning (13410): Pin "LEDR[4]" is stuck at GND
    Warning (13410): Pin "LEDR[5]" is stuck at GND
    Warning (13410): Pin "LEDR[6]" is stuck at GND
    Warning (13410): Pin "LEDR[7]" is stuck at GND
    Warning (13410): Pin "LEDR[8]" is stuck at GND
    Warning (13410): Pin "LEDR[9]" is stuck at GND
    Warning (13410): Pin "LEDG[0]" is stuck at GND
    Warning (13410): Pin "LEDG[1]" is stuck at GND
    Warning (13410): Pin "LEDG[2]" is stuck at GND
    Warning (13410): Pin "LEDG[3]" is stuck at GND
    Warning (13410): Pin "LEDG[4]" is stuck at GND
    Warning (13410): Pin "LEDG[5]" is stuck at GND
    Warning (13410): Pin "LEDG[6]" is stuck at GND
    Warning (13410): Pin "LEDG[7]" is stuck at GND
    Warning (13410): Pin "HEX0[1]" is stuck at GND
    Warning (13410): Pin "HEX0[2]" is stuck at GND
    Warning (13410): Pin "HEX0[6]" is stuck at VCC
    Warning (13410): Pin "UART_TXD" is stuck at GND
Info (17049): 2 registers lost all their fanouts during netlist optimizations.
Info (16010): Generating hard_block partition "hard_block:auto_generated_inst"
    Info (16011): Adding 0 node(s), including 0 DDIO, 0 PLL, 0 transceiver and 0 LCELL
Warning (21074): Design contains 14 input pin(s) that do not drive logic
    Warning (15610): No output dependent on input pin "SW[0]"
    Warning (15610): No output dependent on input pin "SW[1]"
    Warning (15610): No output dependent on input pin "SW[2]"
    Warning (15610): No output dependent on input pin "SW[3]"
    Warning (15610): No output dependent on input pin "SW[4]"
    Warning (15610): No output dependent on input pin "SW[5]"
    Warning (15610): No output dependent on input pin "SW[6]"
    Warning (15610): No output dependent on input pin "SW[7]"
    Warning (15610): No output dependent on input pin "SW[8]"
    Warning (15610): No output dependent on input pin "SW[9]"
    Warning (15610): No output dependent on input pin "KEY[1]"
    Warning (15610): No output dependent on input pin "KEY[2]"
    Warning (15610): No output dependent on input pin "KEY[3]"
    Warning (15610): No output dependent on input pin "UART_RXD"
Info (21057): Implemented 159 device resources after synthesis - the final resource count might be different
    Info (21058): Implemented 16 input pins
    Info (21059): Implemented 47 output pins
    Info (21061): Implemented 96 logic cells
Info: Quartus II 32-bit Analysis & Synthesis was successful. 0 errors, 54 warnings
    Info: Peak virtual memory: 372 megabytes
    Info: Processing ended: Tue Jun 13 15:32:30 2017
    Info: Elapsed time: 00:01:02
    Info: Total CPU time (on all processors): 00:00:03


